<?xml version="1.0" encoding="UTF-8" ?>
<testsuite failures="0" time="0.014" errors="0" skipped="0" tests="2" name="willjt.banking.transactions.base.TransactionWithAPositiveAmountTest">
  <properties>
    <property name="java.runtime.name" value="Java(TM) SE Runtime Environment"/>
    <property name="sun.boot.library.path" value="c:\program files\jetbrains\intellij idea 10.5.2\jre\jre\bin"/>
    <property name="java.vm.version" value="17.1-b03"/>
    <property name="java.vm.vendor" value="Sun Microsystems Inc."/>
    <property name="java.vendor.url" value="http://java.sun.com/"/>
    <property name="path.separator" value=";"/>
    <property name="java.vm.name" value="Java HotSpot(TM) Client VM"/>
    <property name="file.encoding.pkg" value="sun.io"/>
    <property name="user.country" value="GB"/>
    <property name="sun.java.launcher" value="SUN_STANDARD"/>
    <property name="sun.os.patch.level" value="Service Pack 1"/>
    <property name="java.vm.specification.name" value="Java Virtual Machine Specification"/>
    <property name="user.dir" value="C:\dev\Kata_Without_Rules"/>
    <property name="java.runtime.version" value="1.6.0_22-b04"/>
    <property name="java.awt.graphicsenv" value="sun.awt.Win32GraphicsEnvironment"/>
    <property name="basedir" value="C:\dev\Kata_Without_Rules"/>
    <property name="java.endorsed.dirs" value="c:\program files\jetbrains\intellij idea 10.5.2\jre\jre\lib\endorsed"/>
    <property name="os.arch" value="x86"/>
    <property name="surefire.real.class.path" value="C:\dev\Kata_Without_Rules\target\surefire\surefirebooter8401795781465767922.jar"/>
    <property name="java.io.tmpdir" value="C:\Users\will\AppData\Local\Temp\"/>
    <property name="line.separator" value="
"/>
    <property name="java.vm.specification.vendor" value="Sun Microsystems Inc."/>
    <property name="user.variant" value=""/>
    <property name="os.name" value="Windows Vista"/>
    <property name="sun.jnu.encoding" value="Cp1252"/>
    <property name="java.library.path" value="c:\program files\jetbrains\intellij idea 10.5.2\jre\jre\bin;.;C:\Windows\Sun\Java\bin;C:\Windows\system32;C:\Windows;C:\Program Files\JetBrains\IntelliJ IDEA 10.5.2\bin\..\.\bin;C:\Windows\system32;C:\Windows;C:\Windows\System32\Wbem;C:\Program Files\CyberLink\Power2Go;C:\Program Files\ATI Technologies\ATI.ACE\Core-Static;C:\Program Files\TortoiseSVN\bin;c:\Program Files\Common Files\Ulead Systems\MPEG;C:\Windows\System32\WindowsPowerShell\v1.0\;C:\Program Files\QuickTime\QTSystem\;C:\Program Files\apache-maven\bin;c:\program files\jetbrains\intellij idea 10.5.2\jre\jre\bin"/>
    <property name="surefire.test.class.path" value="C:\dev\Kata_Without_Rules\target\test-classes;C:\dev\Kata_Without_Rules\target\classes;C:\Users\will\.m2\repository\joda-time\joda-time\2.0\joda-time-2.0.jar;C:\Users\will\.m2\repository\junit\junit\4.8.2\junit-4.8.2.jar;C:\Users\will\.m2\repository\org\mockito\mockito-all\1.9.0-rc1\mockito-all-1.9.0-rc1.jar;C:\Users\will\.m2\repository\org\hamcrest\hamcrest-all\1.1\hamcrest-all-1.1.jar;C:\Users\will\.m2\repository\org\springframework\spring-core\3.0.6.RELEASE\spring-core-3.0.6.RELEASE.jar;C:\Users\will\.m2\repository\org\springframework\spring-asm\3.0.6.RELEASE\spring-asm-3.0.6.RELEASE.jar;C:\Users\will\.m2\repository\commons-logging\commons-logging\1.1.1\commons-logging-1.1.1.jar;"/>
    <property name="java.specification.name" value="Java Platform API Specification"/>
    <property name="java.class.version" value="50.0"/>
    <property name="sun.management.compiler" value="HotSpot Client Compiler"/>
    <property name="os.version" value="6.0"/>
    <property name="user.home" value="C:\Users\will"/>
    <property name="user.timezone" value=""/>
    <property name="java.awt.printerjob" value="sun.awt.windows.WPrinterJob"/>
    <property name="java.specification.version" value="1.6"/>
    <property name="file.encoding" value="Cp1252"/>
    <property name="user.name" value="will"/>
    <property name="java.class.path" value="C:\dev\Kata_Without_Rules\target\test-classes;C:\dev\Kata_Without_Rules\target\classes;C:\Users\will\.m2\repository\joda-time\joda-time\2.0\joda-time-2.0.jar;C:\Users\will\.m2\repository\junit\junit\4.8.2\junit-4.8.2.jar;C:\Users\will\.m2\repository\org\mockito\mockito-all\1.9.0-rc1\mockito-all-1.9.0-rc1.jar;C:\Users\will\.m2\repository\org\hamcrest\hamcrest-all\1.1\hamcrest-all-1.1.jar;C:\Users\will\.m2\repository\org\springframework\spring-core\3.0.6.RELEASE\spring-core-3.0.6.RELEASE.jar;C:\Users\will\.m2\repository\org\springframework\spring-asm\3.0.6.RELEASE\spring-asm-3.0.6.RELEASE.jar;C:\Users\will\.m2\repository\commons-logging\commons-logging\1.1.1\commons-logging-1.1.1.jar;"/>
    <property name="java.vm.specification.version" value="1.0"/>
    <property name="sun.arch.data.model" value="32"/>
    <property name="java.home" value="c:\program files\jetbrains\intellij idea 10.5.2\jre\jre"/>
    <property name="java.specification.vendor" value="Sun Microsystems Inc."/>
    <property name="user.language" value="en"/>
    <property name="awt.toolkit" value="sun.awt.windows.WToolkit"/>
    <property name="java.vm.info" value="mixed mode, sharing"/>
    <property name="java.version" value="1.6.0_22"/>
    <property name="java.ext.dirs" value="c:\program files\jetbrains\intellij idea 10.5.2\jre\jre\lib\ext;C:\Windows\Sun\Java\lib\ext"/>
    <property name="sun.boot.class.path" value="c:\program files\jetbrains\intellij idea 10.5.2\jre\jre\lib\resources.jar;c:\program files\jetbrains\intellij idea 10.5.2\jre\jre\lib\rt.jar;c:\program files\jetbrains\intellij idea 10.5.2\jre\jre\lib\sunrsasign.jar;c:\program files\jetbrains\intellij idea 10.5.2\jre\jre\lib\jsse.jar;c:\program files\jetbrains\intellij idea 10.5.2\jre\jre\lib\jce.jar;c:\program files\jetbrains\intellij idea 10.5.2\jre\jre\lib\charsets.jar;c:\program files\jetbrains\intellij idea 10.5.2\jre\jre\classes"/>
    <property name="java.vendor" value="Sun Microsystems Inc."/>
    <property name="localRepository" value="C:\Users\will\.m2\repository"/>
    <property name="file.separator" value="\"/>
    <property name="java.vendor.url.bug" value="http://java.sun.com/cgi-bin/bugreport.cgi"/>
    <property name="sun.cpu.endian" value="little"/>
    <property name="sun.io.unicode.encoding" value="UnicodeLittle"/>
    <property name="sun.desktop" value="windows"/>
    <property name="sun.cpu.isalist" value=""/>
  </properties>
  <testcase time="0.008" classname="willjt.banking.transactions.base.TransactionWithAPositiveAmountTest" name="shouldThrowAnIllegalArgumentExceptionIfRequestedToCreateATransactionWithANegativeAmount"/>
  <testcase time="0" classname="willjt.banking.transactions.base.TransactionWithAPositiveAmountTest" name="shouldThrowAnIllegalArgumentExceptionIfRequestedToCreateATransactionWithAZeroAmount"/>
</testsuite>